0 info it worked if it ends with ok
1 verbose cli [ '/usr/bin/nodejs', '/usr/bin/npm', 'run', 'test' ]
2 info using npm@3.10.10
3 info using node@v6.11.0
4 verbose run-script [ 'pretest', 'test', 'posttest' ]
5 info lifecycle yelp@1.0.0~pretest: yelp@1.0.0
6 silly lifecycle yelp@1.0.0~pretest: no script for pretest, continuing
7 info lifecycle yelp@1.0.0~test: yelp@1.0.0
8 verbose lifecycle yelp@1.0.0~test: unsafe-perm in lifecycle true
9 verbose lifecycle yelp@1.0.0~test: PATH: /usr/lib/node_modules/npm/bin/node-gyp-bin:/home/james/code/react/celp/node_modules/.bin:/home/james/.rvm/gems/ruby-2.3.1/bin:/home/james/.rvm/gems/ruby-2.3.1@global/bin:/home/james/.rvm/rubies/ruby-2.3.1/bin:/usr/local:/usr/local/bin:/usr/local/sbin:/usr/bin:/usr/local/sbin:/usr/local/bin:/usr/sbin:/usr/bin:/sbin:/bin:/usr/games:/usr/local/games:/snap/bin:/home/james/.rvm/bin:/snap/bin
10 verbose lifecycle yelp@1.0.0~test: CWD: /home/james/code/react/celp
11 silly lifecycle yelp@1.0.0~test: Args: [ '-c',
11 silly lifecycle   'NODE_ENV=test ./node_modules/karma/bin/karma start karma.conf.js' ]
12 silly lifecycle yelp@1.0.0~test: Returned: code: 1  signal: null
13 info lifecycle yelp@1.0.0~test: Failed to exec test script
14 verbose stack Error: yelp@1.0.0 test: `NODE_ENV=test ./node_modules/karma/bin/karma start karma.conf.js`
14 verbose stack Exit status 1
14 verbose stack     at EventEmitter.<anonymous> (/usr/lib/node_modules/npm/lib/utils/lifecycle.js:255:16)
14 verbose stack     at emitTwo (events.js:106:13)
14 verbose stack     at EventEmitter.emit (events.js:191:7)
14 verbose stack     at ChildProcess.<anonymous> (/usr/lib/node_modules/npm/lib/utils/spawn.js:40:14)
14 verbose stack     at emitTwo (events.js:106:13)
14 verbose stack     at ChildProcess.emit (events.js:191:7)
14 verbose stack     at maybeClose (internal/child_process.js:891:16)
14 verbose stack     at Process.ChildProcess._handle.onexit (internal/child_process.js:226:5)
15 verbose pkgid yelp@1.0.0
16 verbose cwd /home/james/code/react/celp
17 error Linux 4.10.0-24-generic
18 error argv "/usr/bin/nodejs" "/usr/bin/npm" "run" "test"
19 error node v6.11.0
20 error npm  v3.10.10
21 error code ELIFECYCLE
22 error yelp@1.0.0 test: `NODE_ENV=test ./node_modules/karma/bin/karma start karma.conf.js`
22 error Exit status 1
23 error Failed at the yelp@1.0.0 test script 'NODE_ENV=test ./node_modules/karma/bin/karma start karma.conf.js'.
23 error Make sure you have the latest version of node.js and npm installed.
23 error If you do, this is most likely a problem with the yelp package,
23 error not with npm itself.
23 error Tell the author that this fails on your system:
23 error     NODE_ENV=test ./node_modules/karma/bin/karma start karma.conf.js
23 error You can get information on how to open an issue for this project with:
23 error     npm bugs yelp
23 error Or if that isn't available, you can get their info via:
23 error     npm owner ls yelp
23 error There is likely additional logging output above.
24 verbose exit [ 1, true ]
